nohup: ignoring input
mongo error: SSL handshake failed: ac-gyxdynx-shard-00-00.w6p63mq.mongodb.net:27017: [SSL: TLSV1_ALERT_INTERNAL_ERROR] tlsv1 alert internal error (_ssl.c:1000) (configured timeouts: socketTimeoutMS: 20000.0ms, connectTimeoutMS: 20000.0ms),SSL handshake failed: ac-gyxdynx-shard-00-01.w6p63mq.mongodb.net:27017: [SSL: TLSV1_ALERT_INTERNAL_ERROR] tlsv1 alert internal error (_ssl.c:1000) (configured timeouts: socketTimeoutMS: 20000.0ms, connectTimeoutMS: 20000.0ms),SSL handshake failed: ac-gyxdynx-shard-00-02.w6p63mq.mongodb.net:27017: [SSL: TLSV1_ALERT_INTERNAL_ERROR] tlsv1 alert internal error (_ssl.c:1000) (configured timeouts: socketTimeoutMS: 20000.0ms, connectTimeoutMS: 20000.0ms), Timeout: 2.0s, Topology Description: <TopologyDescription id: 693b593d520c6618efbea231, topology_type: ReplicaSetNoPrimary, servers: [<ServerDescription ('ac-gyxdynx-shard-00-00.w6p63mq.mongodb.net', 27017) server_type: Unknown, rtt: None, error=AutoReconnect('SSL handshake failed: ac-gyxdynx-shard-00-00.w6p63mq.mongodb.net:27017: [SSL: TLSV1_ALERT_INTERNAL_ERROR] tlsv1 alert internal error (_ssl.c:1000) (configured timeouts: socketTimeoutMS: 20000.0ms, connectTimeoutMS: 20000.0ms)')>, <ServerDescription ('ac-gyxdynx-shard-00-01.w6p63mq.mongodb.net', 27017) server_type: Unknown, rtt: None, error=AutoReconnect('SSL handshake failed: ac-gyxdynx-shard-00-01.w6p63mq.mongodb.net:27017: [SSL: TLSV1_ALERT_INTERNAL_ERROR] tlsv1 alert internal error (_ssl.c:1000) (configured timeouts: socketTimeoutMS: 20000.0ms, connectTimeoutMS: 20000.0ms)')>, <ServerDescription ('ac-gyxdynx-shard-00-02.w6p63mq.mongodb.net', 27017) server_type: Unknown, rtt: None, error=AutoReconnect('SSL handshake failed: ac-gyxdynx-shard-00-02.w6p63mq.mongodb.net:27017: [SSL: TLSV1_ALERT_INTERNAL_ERROR] tlsv1 alert internal error (_ssl.c:1000) (configured timeouts: socketTimeoutMS: 20000.0ms, connectTimeoutMS: 20000.0ms)')>]>
 * Serving Flask app 'app4'
 * Debug mode: off
[31m[1mWARNING: This is a development server. Do not use it in a production deployment. Use a production WSGI server instead.[0m
 * Running on all addresses (0.0.0.0)
 * Running on http://127.0.0.1:5869
 * Running on http://10.0.0.245:5869
[33mPress CTRL+C to quit[0m
127.0.0.1 - - [11/Dec/2025 23:52:36] "GET / HTTP/1.1" 200 -
127.0.0.1 - - [11/Dec/2025 23:52:38] "GET /login HTTP/1.1" 200 -
127.0.0.1 - - [11/Dec/2025 23:52:45] "[32mPOST /login HTTP/1.1[0m" 302 -
[2025-12-11 23:52:45,978] ERROR in app: Exception on /patientview [GET]
Traceback (most recent call last):
  File "/workspaces/com7033-assignment-J-calder246/vm.venv/lib/python3.12/site-packages/flask/app.py", line 1511, in wsgi_app
    response = self.full_dispatch_request()
               ^^^^^^^^^^^^^^^^^^^^^^^^^^^^
  File "/workspaces/com7033-assignment-J-calder246/vm.venv/lib/python3.12/site-packages/flask/app.py", line 919, in full_dispatch_request
    rv = self.handle_user_exception(e)
         ^^^^^^^^^^^^^^^^^^^^^^^^^^^^^
  File "/workspaces/com7033-assignment-J-calder246/vm.venv/lib/python3.12/site-packages/flask/app.py", line 917, in full_dispatch_request
    rv = self.dispatch_request()
         ^^^^^^^^^^^^^^^^^^^^^^^
  File "/workspaces/com7033-assignment-J-calder246/vm.venv/lib/python3.12/site-packages/flask/app.py", line 902, in dispatch_request
    return self.ensure_sync(self.view_functions[rule.endpoint])(**view_args)  # type: ignore[no-any-return]
           ^^^^^^^^^^^^^^^^^^^^^^^^^^^^^^^^^^^^^^^^^^^^^^^^^^^^^^^^^^^^^^^^^
  File "/workspaces/com7033-assignment-J-calder246/decorators.py", line 14, in inner
    return f(*args, **kwargs)
           ^^^^^^^^^^^^^^^^^^
  File "/workspaces/com7033-assignment-J-calder246/app4.py", line 244, in patientview
    return render_template("patientview.html", data=data)
           ^^^^^^^^^^^^^^^^^^^^^^^^^^^^^^^^^^^^^^^^^^^^^^
  File "/workspaces/com7033-assignment-J-calder246/vm.venv/lib/python3.12/site-packages/flask/templating.py", line 150, in render_template
    return _render(app, template, context)
           ^^^^^^^^^^^^^^^^^^^^^^^^^^^^^^^
  File "/workspaces/com7033-assignment-J-calder246/vm.venv/lib/python3.12/site-packages/flask/templating.py", line 131, in _render
    rv = template.render(context)
         ^^^^^^^^^^^^^^^^^^^^^^^^
  File "/workspaces/com7033-assignment-J-calder246/vm.venv/lib/python3.12/site-packages/jinja2/environment.py", line 1295, in render
    self.environment.handle_exception()
  File "/workspaces/com7033-assignment-J-calder246/vm.venv/lib/python3.12/site-packages/jinja2/environment.py", line 942, in handle_exception
    raise rewrite_traceback_stack(source=source)
  File "/workspaces/com7033-assignment-J-calder246/templates/patientview.html", line 114, in top-level template code
    {% block content %}
  File "/workspaces/com7033-assignment-J-calder246/templates/patientview.html", line 117, in block 'content'
    <h2 class="mb-4">Patient Record: ID {{ record.id }}</h2>
    ^^^^^^^^^^^^^^^^^^^^^^^^^
  File "/workspaces/com7033-assignment-J-calder246/vm.venv/lib/python3.12/site-packages/jinja2/environment.py", line 490, in getattr
    return getattr(obj, attribute)
           ^^^^^^^^^^^^^^^^^^^^^^^
jinja2.exceptions.UndefinedError: 'record' is undefined
127.0.0.1 - - [11/Dec/2025 23:52:45] "[35m[1mGET /patientview HTTP/1.1[0m" 500 -
127.0.0.1 - - [12/Dec/2025 00:49:08] "[32mHEAD /patientview HTTP/1.1[0m" 302 -
127.0.0.1 - - [12/Dec/2025 00:49:50] "[32mHEAD /patientview HTTP/1.1[0m" 302 -
127.0.0.1 - - [12/Dec/2025 00:51:55] "GET / HTTP/1.1" 200 -
127.0.0.1 - - [12/Dec/2025 00:51:56] "[33mGET /favicon.ico HTTP/1.1[0m" 404 -
127.0.0.1 - - [12/Dec/2025 00:51:56] "GET /login HTTP/1.1" 200 -
127.0.0.1 - - [12/Dec/2025 00:52:04] "[32mPOST /login HTTP/1.1[0m" 302 -
[2025-12-12 00:52:04,733] ERROR in app: Exception on /patientview [GET]
Traceback (most recent call last):
  File "/workspaces/com7033-assignment-J-calder246/vm.venv/lib/python3.12/site-packages/flask/app.py", line 1511, in wsgi_app
    response = self.full_dispatch_request()
               ^^^^^^^^^^^^^^^^^^^^^^^^^^^^
  File "/workspaces/com7033-assignment-J-calder246/vm.venv/lib/python3.12/site-packages/flask/app.py", line 919, in full_dispatch_request
    rv = self.handle_user_exception(e)
         ^^^^^^^^^^^^^^^^^^^^^^^^^^^^^
  File "/workspaces/com7033-assignment-J-calder246/vm.venv/lib/python3.12/site-packages/flask/app.py", line 917, in full_dispatch_request
    rv = self.dispatch_request()
         ^^^^^^^^^^^^^^^^^^^^^^^
  File "/workspaces/com7033-assignment-J-calder246/vm.venv/lib/python3.12/site-packages/flask/app.py", line 902, in dispatch_request
    return self.ensure_sync(self.view_functions[rule.endpoint])(**view_args)  # type: ignore[no-any-return]
           ^^^^^^^^^^^^^^^^^^^^^^^^^^^^^^^^^^^^^^^^^^^^^^^^^^^^^^^^^^^^^^^^^
  File "/workspaces/com7033-assignment-J-calder246/decorators.py", line 14, in inner
    return f(*args, **kwargs)
           ^^^^^^^^^^^^^^^^^^
  File "/workspaces/com7033-assignment-J-calder246/app4.py", line 244, in patientview
    return render_template("patientview.html", data=data)
           ^^^^^^^^^^^^^^^^^^^^^^^^^^^^^^^^^^^^^^^^^^^^^^
  File "/workspaces/com7033-assignment-J-calder246/vm.venv/lib/python3.12/site-packages/flask/templating.py", line 150, in render_template
    return _render(app, template, context)
           ^^^^^^^^^^^^^^^^^^^^^^^^^^^^^^^
  File "/workspaces/com7033-assignment-J-calder246/vm.venv/lib/python3.12/site-packages/flask/templating.py", line 131, in _render
    rv = template.render(context)
         ^^^^^^^^^^^^^^^^^^^^^^^^
  File "/workspaces/com7033-assignment-J-calder246/vm.venv/lib/python3.12/site-packages/jinja2/environment.py", line 1295, in render
    self.environment.handle_exception()
  File "/workspaces/com7033-assignment-J-calder246/vm.venv/lib/python3.12/site-packages/jinja2/environment.py", line 942, in handle_exception
    raise rewrite_traceback_stack(source=source)
  File "/workspaces/com7033-assignment-J-calder246/templates/patientview.html", line 114, in top-level template code
    {% block content %}
  File "/workspaces/com7033-assignment-J-calder246/templates/patientview.html", line 117, in block 'content'
    <h2 class="mb-4">Patient Record: ID {{ record.id }}</h2>
    ^^^^^^^^^^^^^^^^^^^^^^^^^
  File "/workspaces/com7033-assignment-J-calder246/vm.venv/lib/python3.12/site-packages/jinja2/environment.py", line 490, in getattr
    return getattr(obj, attribute)
           ^^^^^^^^^^^^^^^^^^^^^^^
jinja2.exceptions.UndefinedError: 'record' is undefined
127.0.0.1 - - [12/Dec/2025 00:52:04] "[35m[1mGET /patientview HTTP/1.1[0m" 500 -
127.0.0.1 - - [12/Dec/2025 01:00:34] "GET / HTTP/1.1" 200 -
127.0.0.1 - - [12/Dec/2025 01:00:36] "GET /login HTTP/1.1" 200 -
127.0.0.1 - - [12/Dec/2025 01:00:44] "[32mPOST /login HTTP/1.1[0m" 302 -
[2025-12-12 01:00:44,653] ERROR in app: Exception on /patientview [GET]
Traceback (most recent call last):
  File "/workspaces/com7033-assignment-J-calder246/vm.venv/lib/python3.12/site-packages/flask/app.py", line 1511, in wsgi_app
    response = self.full_dispatch_request()
               ^^^^^^^^^^^^^^^^^^^^^^^^^^^^
  File "/workspaces/com7033-assignment-J-calder246/vm.venv/lib/python3.12/site-packages/flask/app.py", line 919, in full_dispatch_request
    rv = self.handle_user_exception(e)
         ^^^^^^^^^^^^^^^^^^^^^^^^^^^^^
  File "/workspaces/com7033-assignment-J-calder246/vm.venv/lib/python3.12/site-packages/flask/app.py", line 917, in full_dispatch_request
    rv = self.dispatch_request()
         ^^^^^^^^^^^^^^^^^^^^^^^
  File "/workspaces/com7033-assignment-J-calder246/vm.venv/lib/python3.12/site-packages/flask/app.py", line 902, in dispatch_request
    return self.ensure_sync(self.view_functions[rule.endpoint])(**view_args)  # type: ignore[no-any-return]
           ^^^^^^^^^^^^^^^^^^^^^^^^^^^^^^^^^^^^^^^^^^^^^^^^^^^^^^^^^^^^^^^^^
  File "/workspaces/com7033-assignment-J-calder246/decorators.py", line 14, in inner
    return f(*args, **kwargs)
           ^^^^^^^^^^^^^^^^^^
  File "/workspaces/com7033-assignment-J-calder246/app4.py", line 244, in patientview
    return render_template("patientview.html", data=data)
           ^^^^^^^^^^^^^^^^^^^^^^^^^^^^^^^^^^^^^^^^^^^^^^
  File "/workspaces/com7033-assignment-J-calder246/vm.venv/lib/python3.12/site-packages/flask/templating.py", line 150, in render_template
    return _render(app, template, context)
           ^^^^^^^^^^^^^^^^^^^^^^^^^^^^^^^
  File "/workspaces/com7033-assignment-J-calder246/vm.venv/lib/python3.12/site-packages/flask/templating.py", line 131, in _render
    rv = template.render(context)
         ^^^^^^^^^^^^^^^^^^^^^^^^
  File "/workspaces/com7033-assignment-J-calder246/vm.venv/lib/python3.12/site-packages/jinja2/environment.py", line 1295, in render
    self.environment.handle_exception()
  File "/workspaces/com7033-assignment-J-calder246/vm.venv/lib/python3.12/site-packages/jinja2/environment.py", line 942, in handle_exception
    raise rewrite_traceback_stack(source=source)
  File "/workspaces/com7033-assignment-J-calder246/templates/patientview.html", line 114, in top-level template code
    {% block content %}
  File "/workspaces/com7033-assignment-J-calder246/templates/patientview.html", line 117, in block 'content'
    <h2 class="mb-4">Patient Record: ID {{ record.id }}</h2>
    ^^^^^^^^^^^^^^^^^^^^^^^^^
  File "/workspaces/com7033-assignment-J-calder246/vm.venv/lib/python3.12/site-packages/jinja2/environment.py", line 490, in getattr
    return getattr(obj, attribute)
           ^^^^^^^^^^^^^^^^^^^^^^^
jinja2.exceptions.UndefinedError: 'record' is undefined
127.0.0.1 - - [12/Dec/2025 01:00:44] "[35m[1mGET /patientview HTTP/1.1[0m" 500 -
